2025-06-07T00:43:40.850+08:00  INFO 9852 --- [springboot-myproject] [main] c.e.demo.SpringbootMyprojectApplication  : Starting SpringbootMyprojectApplication using Java 21.0.6 with PID 9852 (C:\Users\User\Desktop\Java\Project\myproject-Springboot\target\classes started by User in C:\Users\User\Desktop\Java\Project\myproject-Springboot)
2025-06-07T00:43:40.860+08:00  INFO 9852 --- [springboot-myproject] [main] c.e.demo.SpringbootMyprojectApplication  : No active profile set, falling back to 1 default profile: "default"
2025-06-07T00:43:41.239+08:00  INFO 9852 --- [springboot-myproject] [main] .s.d.r.c.RepositoryConfigurationDelegate : Multiple Spring Data modules found, entering strict repository configuration mode
2025-06-07T00:43:41.240+08:00  INFO 9852 --- [springboot-myproject] [main] .s.d.r.c.RepositoryConfigurationDelegate : Bootstrapping Spring Data JDBC repositories in DEFAULT mode.
2025-06-07T00:43:41.263+08:00  INFO 9852 --- [springboot-myproject] [main] .RepositoryConfigurationExtensionSupport : Spring Data JDBC - Could not safely identify store assignment for repository candidate interface com.example.demo.repository.AnnouncementRepository; If you want this repository to be a JDBC repository, consider annotating your entities with one of these annotations: org.springframework.data.relational.core.mapping.Table.
2025-06-07T00:43:41.264+08:00  INFO 9852 --- [springboot-myproject] [main] .RepositoryConfigurationExtensionSupport : Spring Data JDBC - Could not safely identify store assignment for repository candidate interface com.example.demo.repository.UserRepository; If you want this repository to be a JDBC repository, consider annotating your entities with one of these annotations: org.springframework.data.relational.core.mapping.Table.
2025-06-07T00:43:41.264+08:00  INFO 9852 --- [springboot-myproject] [main] .s.d.r.c.RepositoryConfigurationDelegate : Finished Spring Data repository scanning in 19 ms. Found 0 JDBC repository interfaces.
2025-06-07T00:43:41.270+08:00  INFO 9852 --- [springboot-myproject] [main] .s.d.r.c.RepositoryConfigurationDelegate : Multiple Spring Data modules found, entering strict repository configuration mode
2025-06-07T00:43:41.271+08:00  INFO 9852 --- [springboot-myproject] [main] .s.d.r.c.RepositoryConfigurationDelegate : Bootstrapping Spring Data JPA repositories in DEFAULT mode.
2025-06-07T00:43:41.292+08:00  INFO 9852 --- [springboot-myproject] [main] .s.d.r.c.RepositoryConfigurationDelegate : Finished Spring Data repository scanning in 15 ms. Found 2 JPA repository interfaces.
2025-06-07T00:43:41.544+08:00  INFO 9852 --- [springboot-myproject] [main] o.s.b.w.embedded.tomcat.TomcatWebServer  : Tomcat initialized with port 8088 (http)
2025-06-07T00:43:41.552+08:00  INFO 9852 --- [springboot-myproject] [main] o.apache.catalina.core.StandardService   : Starting service [Tomcat]
2025-06-07T00:43:41.552+08:00  INFO 9852 --- [springboot-myproject] [main] o.apache.catalina.core.StandardEngine    : Starting Servlet engine: [Apache Tomcat/10.1.41]
2025-06-07T00:43:41.654+08:00  INFO 9852 --- [springboot-myproject] [main] org.apache.jasper.servlet.TldScanner     : At least one JAR was scanned for TLDs yet contained no TLDs. Enable debug logging for this logger for a complete list of JARs that were scanned but no TLDs were found in them. Skipping unneeded JARs during scanning can improve startup time and JSP compilation time.
2025-06-07T00:43:41.658+08:00  INFO 9852 --- [springboot-myproject] [main] o.a.c.c.C.[Tomcat].[localhost].[/]       : Initializing Spring embedded WebApplicationContext
2025-06-07T00:43:41.658+08:00  INFO 9852 --- [springboot-myproject] [main] w.s.c.ServletWebServerApplicationContext : Root WebApplicationContext: initialization completed in 744 ms
2025-06-07T00:43:41.744+08:00  INFO 9852 --- [springboot-myproject] [main] o.hibernate.jpa.internal.util.LogHelper  : HHH000204: Processing PersistenceUnitInfo [name: default]
2025-06-07T00:43:41.775+08:00  INFO 9852 --- [springboot-myproject] [main] org.hibernate.Version                    : HHH000412: Hibernate ORM core version 6.6.15.Final
2025-06-07T00:43:41.798+08:00  INFO 9852 --- [springboot-myproject] [main] o.h.c.internal.RegionFactoryInitiator    : HHH000026: Second-level cache disabled
2025-06-07T00:43:41.946+08:00  INFO 9852 --- [springboot-myproject] [main] o.s.o.j.p.SpringPersistenceUnitInfo      : No LoadTimeWeaver setup: ignoring JPA class transformer
2025-06-07T00:43:41.963+08:00  INFO 9852 --- [springboot-myproject] [main] com.zaxxer.hikari.HikariDataSource       : HikariPool-1 - Starting...
2025-06-07T00:43:42.057+08:00  INFO 9852 --- [springboot-myproject] [main] com.zaxxer.hikari.pool.HikariPool        : HikariPool-1 - Added connection com.mysql.cj.jdbc.ConnectionImpl@5b5b53c6
2025-06-07T00:43:42.058+08:00  INFO 9852 --- [springboot-myproject] [main] com.zaxxer.hikari.HikariDataSource       : HikariPool-1 - Start completed.
2025-06-07T00:43:42.103+08:00  INFO 9852 --- [springboot-myproject] [main] org.hibernate.orm.connections.pooling    : HHH10001005: Database info:
	Database JDBC URL [Connecting through datasource 'HikariDataSource (HikariPool-1)']
	Database driver: undefined/unknown
	Database version: 8.0.34
	Autocommit mode: undefined/unknown
	Isolation level: undefined/unknown
	Minimum pool size: undefined/unknown
	Maximum pool size: undefined/unknown
2025-06-07T00:43:42.567+08:00  INFO 9852 --- [springboot-myproject] [main] o.h.e.t.j.p.i.JtaPlatformInitiator       : HHH000489: No JTA platform available (set 'hibernate.transaction.jta.platform' to enable JTA platform integration)
2025-06-07T00:43:42.594+08:00  INFO 9852 --- [springboot-myproject] [main] j.LocalContainerEntityManagerFactoryBean : Initialized JPA EntityManagerFactory for persistence unit 'default'
2025-06-07T00:43:42.723+08:00  INFO 9852 --- [springboot-myproject] [main] o.s.d.j.r.query.QueryEnhancerFactory     : Hibernate is in classpath; If applicable, HQL parser will be used.
2025-06-07T00:43:43.259+08:00  INFO 9852 --- [springboot-myproject] [main] o.s.b.w.embedded.tomcat.TomcatWebServer  : Tomcat started on port 8088 (http) with context path '/'
2025-06-07T00:43:43.263+08:00  INFO 9852 --- [springboot-myproject] [main] c.e.demo.SpringbootMyprojectApplication  : Started SpringbootMyprojectApplication in 2.681 seconds (process running for 3.007)
2025-06-07T00:43:48.587+08:00  INFO 9852 --- [springboot-myproject] [http-nio-8088-exec-1] o.a.c.c.C.[Tomcat].[localhost].[/]       : Initializing Spring DispatcherServlet 'dispatcherServlet'
2025-06-07T00:43:48.588+08:00  INFO 9852 --- [springboot-myproject] [http-nio-8088-exec-1] o.s.web.servlet.DispatcherServlet        : Initializing Servlet 'dispatcherServlet'
2025-06-07T00:43:48.589+08:00  INFO 9852 --- [springboot-myproject] [http-nio-8088-exec-1] o.s.web.servlet.DispatcherServlet        : Completed initialization in 1 ms
2025-06-07T00:50:10.350+08:00  INFO 9852 --- [springboot-myproject] [RMI TCP Connection(16)-127.0.0.1] inMXBeanRegistrar$SpringApplicationAdmin : Application shutdown requested.
2025-06-07T00:50:10.352+08:00  INFO 9852 --- [springboot-myproject] [RMI TCP Connection(16)-127.0.0.1] o.s.b.w.e.tomcat.GracefulShutdown        : Commencing graceful shutdown. Waiting for active requests to complete
2025-06-07T00:50:10.356+08:00  INFO 9852 --- [springboot-myproject] [tomcat-shutdown] o.s.b.w.e.tomcat.GracefulShutdown        : Graceful shutdown complete
2025-06-07T00:50:10.357+08:00  INFO 9852 --- [springboot-myproject] [RMI TCP Connection(16)-127.0.0.1] j.LocalContainerEntityManagerFactoryBean : Closing JPA EntityManagerFactory for persistence unit 'default'
2025-06-07T00:50:10.359+08:00  INFO 9852 --- [springboot-myproject] [RMI TCP Connection(16)-127.0.0.1] com.zaxxer.hikari.HikariDataSource       : HikariPool-1 - Shutdown initiated...
2025-06-07T00:50:10.362+08:00  INFO 9852 --- [springboot-myproject] [RMI TCP Connection(16)-127.0.0.1] com.zaxxer.hikari.HikariDataSource       : HikariPool-1 - Shutdown completed.
2025-06-07T00:50:11.690+08:00  INFO 15468 --- [springboot-myproject] [main] c.e.demo.SpringbootMyprojectApplication  : Starting SpringbootMyprojectApplication using Java 21.0.6 with PID 15468 (C:\Users\User\Desktop\Java\Project\myproject-Springboot\target\classes started by User in C:\Users\User\Desktop\Java\Project\myproject-Springboot)
2025-06-07T00:50:11.691+08:00  INFO 15468 --- [springboot-myproject] [main] c.e.demo.SpringbootMyprojectApplication  : No active profile set, falling back to 1 default profile: "default"
2025-06-07T00:50:12.020+08:00  INFO 15468 --- [springboot-myproject] [main] .s.d.r.c.RepositoryConfigurationDelegate : Multiple Spring Data modules found, entering strict repository configuration mode
2025-06-07T00:50:12.021+08:00  INFO 15468 --- [springboot-myproject] [main] .s.d.r.c.RepositoryConfigurationDelegate : Bootstrapping Spring Data JDBC repositories in DEFAULT mode.
2025-06-07T00:50:12.045+08:00  INFO 15468 --- [springboot-myproject] [main] .RepositoryConfigurationExtensionSupport : Spring Data JDBC - Could not safely identify store assignment for repository candidate interface com.example.demo.repository.AnnouncementRepository; If you want this repository to be a JDBC repository, consider annotating your entities with one of these annotations: org.springframework.data.relational.core.mapping.Table.
2025-06-07T00:50:12.046+08:00  INFO 15468 --- [springboot-myproject] [main] .RepositoryConfigurationExtensionSupport : Spring Data JDBC - Could not safely identify store assignment for repository candidate interface com.example.demo.repository.UserRepository; If you want this repository to be a JDBC repository, consider annotating your entities with one of these annotations: org.springframework.data.relational.core.mapping.Table.
2025-06-07T00:50:12.046+08:00  INFO 15468 --- [springboot-myproject] [main] .s.d.r.c.RepositoryConfigurationDelegate : Finished Spring Data repository scanning in 18 ms. Found 0 JDBC repository interfaces.
2025-06-07T00:50:12.052+08:00  INFO 15468 --- [springboot-myproject] [main] .s.d.r.c.RepositoryConfigurationDelegate : Multiple Spring Data modules found, entering strict repository configuration mode
2025-06-07T00:50:12.052+08:00  INFO 15468 --- [springboot-myproject] [main] .s.d.r.c.RepositoryConfigurationDelegate : Bootstrapping Spring Data JPA repositories in DEFAULT mode.
2025-06-07T00:50:12.071+08:00  INFO 15468 --- [springboot-myproject] [main] .s.d.r.c.RepositoryConfigurationDelegate : Finished Spring Data repository scanning in 15 ms. Found 2 JPA repository interfaces.
2025-06-07T00:50:12.316+08:00  INFO 15468 --- [springboot-myproject] [main] o.s.b.w.embedded.tomcat.TomcatWebServer  : Tomcat initialized with port 8088 (http)
2025-06-07T00:50:12.324+08:00  INFO 15468 --- [springboot-myproject] [main] o.apache.catalina.core.StandardService   : Starting service [Tomcat]
2025-06-07T00:50:12.324+08:00  INFO 15468 --- [springboot-myproject] [main] o.apache.catalina.core.StandardEngine    : Starting Servlet engine: [Apache Tomcat/10.1.41]
2025-06-07T00:50:12.421+08:00  INFO 15468 --- [springboot-myproject] [main] org.apache.jasper.servlet.TldScanner     : At least one JAR was scanned for TLDs yet contained no TLDs. Enable debug logging for this logger for a complete list of JARs that were scanned but no TLDs were found in them. Skipping unneeded JARs during scanning can improve startup time and JSP compilation time.
2025-06-07T00:50:12.424+08:00  INFO 15468 --- [springboot-myproject] [main] o.a.c.c.C.[Tomcat].[localhost].[/]       : Initializing Spring embedded WebApplicationContext
2025-06-07T00:50:12.426+08:00  INFO 15468 --- [springboot-myproject] [main] w.s.c.ServletWebServerApplicationContext : Root WebApplicationContext: initialization completed in 711 ms
2025-06-07T00:50:12.506+08:00  INFO 15468 --- [springboot-myproject] [main] o.hibernate.jpa.internal.util.LogHelper  : HHH000204: Processing PersistenceUnitInfo [name: default]
2025-06-07T00:50:12.537+08:00  INFO 15468 --- [springboot-myproject] [main] org.hibernate.Version                    : HHH000412: Hibernate ORM core version 6.6.15.Final
2025-06-07T00:50:12.557+08:00  INFO 15468 --- [springboot-myproject] [main] o.h.c.internal.RegionFactoryInitiator    : HHH000026: Second-level cache disabled
2025-06-07T00:50:12.696+08:00  INFO 15468 --- [springboot-myproject] [main] o.s.o.j.p.SpringPersistenceUnitInfo      : No LoadTimeWeaver setup: ignoring JPA class transformer
2025-06-07T00:50:12.712+08:00  INFO 15468 --- [springboot-myproject] [main] com.zaxxer.hikari.HikariDataSource       : HikariPool-1 - Starting...
2025-06-07T00:50:12.800+08:00  INFO 15468 --- [springboot-myproject] [main] com.zaxxer.hikari.pool.HikariPool        : HikariPool-1 - Added connection com.mysql.cj.jdbc.ConnectionImpl@2f6f4ac4
2025-06-07T00:50:12.801+08:00  INFO 15468 --- [springboot-myproject] [main] com.zaxxer.hikari.HikariDataSource       : HikariPool-1 - Start completed.
2025-06-07T00:50:12.844+08:00  INFO 15468 --- [springboot-myproject] [main] org.hibernate.orm.connections.pooling    : HHH10001005: Database info:
	Database JDBC URL [Connecting through datasource 'HikariDataSource (HikariPool-1)']
	Database driver: undefined/unknown
	Database version: 8.0.34
	Autocommit mode: undefined/unknown
	Isolation level: undefined/unknown
	Minimum pool size: undefined/unknown
	Maximum pool size: undefined/unknown
2025-06-07T00:50:13.274+08:00  INFO 15468 --- [springboot-myproject] [main] o.h.e.t.j.p.i.JtaPlatformInitiator       : HHH000489: No JTA platform available (set 'hibernate.transaction.jta.platform' to enable JTA platform integration)
2025-06-07T00:50:13.299+08:00  INFO 15468 --- [springboot-myproject] [main] j.LocalContainerEntityManagerFactoryBean : Initialized JPA EntityManagerFactory for persistence unit 'default'
2025-06-07T00:50:13.422+08:00  INFO 15468 --- [springboot-myproject] [main] o.s.d.j.r.query.QueryEnhancerFactory     : Hibernate is in classpath; If applicable, HQL parser will be used.
2025-06-07T00:50:13.947+08:00  INFO 15468 --- [springboot-myproject] [main] o.s.b.w.embedded.tomcat.TomcatWebServer  : Tomcat started on port 8088 (http) with context path '/'
2025-06-07T00:50:13.951+08:00  INFO 15468 --- [springboot-myproject] [main] c.e.demo.SpringbootMyprojectApplication  : Started SpringbootMyprojectApplication in 2.476 seconds (process running for 2.773)
2025-06-07T00:50:16.863+08:00  INFO 15468 --- [springboot-myproject] [http-nio-8088-exec-3] o.a.c.c.C.[Tomcat].[localhost].[/]       : Initializing Spring DispatcherServlet 'dispatcherServlet'
2025-06-07T00:50:16.863+08:00  INFO 15468 --- [springboot-myproject] [http-nio-8088-exec-3] o.s.web.servlet.DispatcherServlet        : Initializing Servlet 'dispatcherServlet'
2025-06-07T00:50:16.864+08:00  INFO 15468 --- [springboot-myproject] [http-nio-8088-exec-3] o.s.web.servlet.DispatcherServlet        : Completed initialization in 1 ms
2025-06-07T00:58:51.126+08:00  INFO 15468 --- [springboot-myproject] [RMI TCP Connection(18)-127.0.0.1] inMXBeanRegistrar$SpringApplicationAdmin : Application shutdown requested.
2025-06-07T00:58:51.128+08:00  INFO 15468 --- [springboot-myproject] [RMI TCP Connection(18)-127.0.0.1] o.s.b.w.e.tomcat.GracefulShutdown        : Commencing graceful shutdown. Waiting for active requests to complete
2025-06-07T00:58:51.132+08:00  INFO 15468 --- [springboot-myproject] [tomcat-shutdown] o.s.b.w.e.tomcat.GracefulShutdown        : Graceful shutdown complete
2025-06-07T00:58:51.134+08:00  INFO 15468 --- [springboot-myproject] [RMI TCP Connection(18)-127.0.0.1] j.LocalContainerEntityManagerFactoryBean : Closing JPA EntityManagerFactory for persistence unit 'default'
2025-06-07T00:58:51.136+08:00  INFO 15468 --- [springboot-myproject] [RMI TCP Connection(18)-127.0.0.1] com.zaxxer.hikari.HikariDataSource       : HikariPool-1 - Shutdown initiated...
2025-06-07T00:58:51.139+08:00  INFO 15468 --- [springboot-myproject] [RMI TCP Connection(18)-127.0.0.1] com.zaxxer.hikari.HikariDataSource       : HikariPool-1 - Shutdown completed.
2025-06-07T00:58:52.436+08:00  INFO 23860 --- [springboot-myproject] [main] c.e.demo.SpringbootMyprojectApplication  : Starting SpringbootMyprojectApplication using Java 21.0.6 with PID 23860 (C:\Users\User\Desktop\Java\Project\myproject-Springboot\target\classes started by User in C:\Users\User\Desktop\Java\Project\myproject-Springboot)
2025-06-07T00:58:52.437+08:00  INFO 23860 --- [springboot-myproject] [main] c.e.demo.SpringbootMyprojectApplication  : No active profile set, falling back to 1 default profile: "default"
2025-06-07T00:58:52.778+08:00  INFO 23860 --- [springboot-myproject] [main] .s.d.r.c.RepositoryConfigurationDelegate : Multiple Spring Data modules found, entering strict repository configuration mode
2025-06-07T00:58:52.779+08:00  INFO 23860 --- [springboot-myproject] [main] .s.d.r.c.RepositoryConfigurationDelegate : Bootstrapping Spring Data JDBC repositories in DEFAULT mode.
2025-06-07T00:58:52.800+08:00  INFO 23860 --- [springboot-myproject] [main] .RepositoryConfigurationExtensionSupport : Spring Data JDBC - Could not safely identify store assignment for repository candidate interface com.example.demo.repository.AnnouncementRepository; If you want this repository to be a JDBC repository, consider annotating your entities with one of these annotations: org.springframework.data.relational.core.mapping.Table.
2025-06-07T00:58:52.801+08:00  INFO 23860 --- [springboot-myproject] [main] .RepositoryConfigurationExtensionSupport : Spring Data JDBC - Could not safely identify store assignment for repository candidate interface com.example.demo.repository.UserRepository; If you want this repository to be a JDBC repository, consider annotating your entities with one of these annotations: org.springframework.data.relational.core.mapping.Table.
2025-06-07T00:58:52.802+08:00  INFO 23860 --- [springboot-myproject] [main] .s.d.r.c.RepositoryConfigurationDelegate : Finished Spring Data repository scanning in 18 ms. Found 0 JDBC repository interfaces.
2025-06-07T00:58:52.807+08:00  INFO 23860 --- [springboot-myproject] [main] .s.d.r.c.RepositoryConfigurationDelegate : Multiple Spring Data modules found, entering strict repository configuration mode
2025-06-07T00:58:52.807+08:00  INFO 23860 --- [springboot-myproject] [main] .s.d.r.c.RepositoryConfigurationDelegate : Bootstrapping Spring Data JPA repositories in DEFAULT mode.
2025-06-07T00:58:52.830+08:00  INFO 23860 --- [springboot-myproject] [main] .s.d.r.c.RepositoryConfigurationDelegate : Finished Spring Data repository scanning in 20 ms. Found 2 JPA repository interfaces.
2025-06-07T00:58:53.079+08:00  INFO 23860 --- [springboot-myproject] [main] o.s.b.w.embedded.tomcat.TomcatWebServer  : Tomcat initialized with port 8088 (http)
2025-06-07T00:58:53.091+08:00  INFO 23860 --- [springboot-myproject] [main] o.apache.catalina.core.StandardService   : Starting service [Tomcat]
2025-06-07T00:58:53.091+08:00  INFO 23860 --- [springboot-myproject] [main] o.apache.catalina.core.StandardEngine    : Starting Servlet engine: [Apache Tomcat/10.1.41]
2025-06-07T00:58:53.192+08:00  INFO 23860 --- [springboot-myproject] [main] org.apache.jasper.servlet.TldScanner     : At least one JAR was scanned for TLDs yet contained no TLDs. Enable debug logging for this logger for a complete list of JARs that were scanned but no TLDs were found in them. Skipping unneeded JARs during scanning can improve startup time and JSP compilation time.
2025-06-07T00:58:53.197+08:00  INFO 23860 --- [springboot-myproject] [main] o.a.c.c.C.[Tomcat].[localhost].[/]       : Initializing Spring embedded WebApplicationContext
2025-06-07T00:58:53.197+08:00  INFO 23860 --- [springboot-myproject] [main] w.s.c.ServletWebServerApplicationContext : Root WebApplicationContext: initialization completed in 736 ms
2025-06-07T00:58:53.274+08:00  INFO 23860 --- [springboot-myproject] [main] o.hibernate.jpa.internal.util.LogHelper  : HHH000204: Processing PersistenceUnitInfo [name: default]
2025-06-07T00:58:53.302+08:00  INFO 23860 --- [springboot-myproject] [main] org.hibernate.Version                    : HHH000412: Hibernate ORM core version 6.6.15.Final
2025-06-07T00:58:53.322+08:00  INFO 23860 --- [springboot-myproject] [main] o.h.c.internal.RegionFactoryInitiator    : HHH000026: Second-level cache disabled
2025-06-07T00:58:53.460+08:00  INFO 23860 --- [springboot-myproject] [main] o.s.o.j.p.SpringPersistenceUnitInfo      : No LoadTimeWeaver setup: ignoring JPA class transformer
2025-06-07T00:58:53.477+08:00  INFO 23860 --- [springboot-myproject] [main] com.zaxxer.hikari.HikariDataSource       : HikariPool-1 - Starting...
2025-06-07T00:58:53.567+08:00  INFO 23860 --- [springboot-myproject] [main] com.zaxxer.hikari.pool.HikariPool        : HikariPool-1 - Added connection com.mysql.cj.jdbc.ConnectionImpl@4e5d5ac1
2025-06-07T00:58:53.568+08:00  INFO 23860 --- [springboot-myproject] [main] com.zaxxer.hikari.HikariDataSource       : HikariPool-1 - Start completed.
2025-06-07T00:58:53.612+08:00  INFO 23860 --- [springboot-myproject] [main] org.hibernate.orm.connections.pooling    : HHH10001005: Database info:
	Database JDBC URL [Connecting through datasource 'HikariDataSource (HikariPool-1)']
	Database driver: undefined/unknown
	Database version: 8.0.34
	Autocommit mode: undefined/unknown
	Isolation level: undefined/unknown
	Minimum pool size: undefined/unknown
	Maximum pool size: undefined/unknown
2025-06-07T00:58:54.048+08:00  INFO 23860 --- [springboot-myproject] [main] o.h.e.t.j.p.i.JtaPlatformInitiator       : HHH000489: No JTA platform available (set 'hibernate.transaction.jta.platform' to enable JTA platform integration)
2025-06-07T00:58:54.074+08:00  INFO 23860 --- [springboot-myproject] [main] j.LocalContainerEntityManagerFactoryBean : Initialized JPA EntityManagerFactory for persistence unit 'default'
2025-06-07T00:58:54.204+08:00  INFO 23860 --- [springboot-myproject] [main] o.s.d.j.r.query.QueryEnhancerFactory     : Hibernate is in classpath; If applicable, HQL parser will be used.
2025-06-07T00:58:54.760+08:00  INFO 23860 --- [springboot-myproject] [main] o.s.b.w.embedded.tomcat.TomcatWebServer  : Tomcat started on port 8088 (http) with context path '/'
2025-06-07T00:58:54.764+08:00  INFO 23860 --- [springboot-myproject] [main] c.e.demo.SpringbootMyprojectApplication  : Started SpringbootMyprojectApplication in 2.537 seconds (process running for 2.834)
2025-06-07T00:58:58.844+08:00  INFO 23860 --- [springboot-myproject] [http-nio-8088-exec-2] o.a.c.c.C.[Tomcat].[localhost].[/]       : Initializing Spring DispatcherServlet 'dispatcherServlet'
2025-06-07T00:58:58.844+08:00  INFO 23860 --- [springboot-myproject] [http-nio-8088-exec-2] o.s.web.servlet.DispatcherServlet        : Initializing Servlet 'dispatcherServlet'
2025-06-07T00:58:58.844+08:00  INFO 23860 --- [springboot-myproject] [http-nio-8088-exec-2] o.s.web.servlet.DispatcherServlet        : Completed initialization in 0 ms
